n21
0: n21
0: /home/kangchen/inhibited_lora/batch
08/06/2025 09:12:01 - WARNING - __main__ - Process rank: 0, device: cuda:0, n_gpu: 1, distributed training: False, 16-bits training: False
08/06/2025 09:12:01 - INFO - __main__ - Training/evaluation parameters TrainingArguments(
_n_gpu=1,
accelerator_config={'split_batches': False, 'dispatch_batches': None, 'even_batches': True, 'use_seedable_sampler': True, 'non_blocking': False, 'gradient_accumulation_kwargs': None, 'use_configured_state': False},
adafactor=False,
adam_beta1=0.9,
adam_beta2=0.999,
adam_epsilon=1e-08,
auto_find_batch_size=False,
average_tokens_across_devices=False,
batch_eval_metrics=False,
bf16=False,
bf16_full_eval=False,
data_seed=None,
dataloader_drop_last=False,
dataloader_num_workers=0,
dataloader_persistent_workers=False,
dataloader_pin_memory=True,
dataloader_prefetch_factor=None,
ddp_backend=None,
ddp_broadcast_buffers=None,
ddp_bucket_cap_mb=None,
ddp_find_unused_parameters=None,
ddp_timeout=1800,
debug=[],
deepspeed=None,
disable_tqdm=False,
do_eval=True,
do_predict=False,
do_train=True,
eval_accumulation_steps=None,
eval_delay=0,
eval_do_concat_batches=True,
eval_on_start=False,
eval_steps=None,
eval_strategy=no,
eval_use_gather_object=False,
fp16=False,
fp16_backend=auto,
fp16_full_eval=False,
fp16_opt_level=O1,
fsdp=[],
fsdp_config={'min_num_params': 0, 'xla': False, 'xla_fsdp_v2': False, 'xla_fsdp_grad_ckpt': False},
fsdp_min_num_params=0,
fsdp_transformer_layer_cls_to_wrap=None,
full_determinism=False,
gradient_accumulation_steps=1,
gradient_checkpointing=False,
gradient_checkpointing_kwargs=None,
greater_is_better=None,
group_by_length=False,
half_precision_backend=auto,
hub_always_push=False,
hub_model_id=None,
hub_private_repo=None,
hub_revision=None,
hub_strategy=every_save,
hub_token=<HUB_TOKEN>,
ignore_data_skip=False,
include_for_metrics=[],
include_inputs_for_metrics=False,
include_num_input_tokens_seen=False,
include_tokens_per_second=False,
jit_mode_eval=False,
label_names=None,
label_smoothing_factor=0.0,
learning_rate=5e-05,
length_column_name=length,
liger_kernel_config=None,
load_best_model_at_end=False,
local_rank=0,
log_level=passive,
log_level_replica=warning,
log_on_each_node=True,
logging_dir=output_final/BERT_large/WNLI/InA00/runs/Aug06_09-12-01_n21,
logging_first_step=False,
logging_nan_inf_filter=True,
logging_steps=500,
logging_strategy=steps,
lr_scheduler_kwargs={},
lr_scheduler_type=linear,
max_grad_norm=1.0,
max_steps=-1,
metric_for_best_model=None,
mp_parameters=,
neftune_noise_alpha=None,
no_cuda=False,
num_train_epochs=10.0,
optim=adamw_torch,
optim_args=None,
optim_target_modules=None,
output_dir=output_final/BERT_large/WNLI/InA00/,
overwrite_output_dir=True,
past_index=-1,
per_device_eval_batch_size=8,
per_device_train_batch_size=8,
prediction_loss_only=False,
push_to_hub=False,
push_to_hub_model_id=None,
push_to_hub_organization=None,
push_to_hub_token=<PUSH_TO_HUB_TOKEN>,
ray_scope=last,
remove_unused_columns=True,
report_to=[],
restore_callback_states_from_checkpoint=False,
resume_from_checkpoint=None,
run_name=output_final/BERT_large/WNLI/InA00/,
save_on_each_node=False,
save_only_model=False,
save_safetensors=True,
save_steps=500,
save_strategy=steps,
save_total_limit=None,
seed=42,
skip_memory_metrics=True,
tf32=None,
torch_compile=False,
torch_compile_backend=None,
torch_compile_mode=None,
torch_empty_cache_steps=None,
torchdynamo=None,
tpu_metrics_debug=False,
tpu_num_cores=None,
use_cpu=False,
use_ipex=False,
use_legacy_prediction_loop=False,
use_liger_kernel=False,
use_mps_device=False,
warmup_ratio=0.0,
warmup_steps=0,
weight_decay=0.0,
)
08/06/2025 09:12:03 - INFO - datasets.builder - Generating dataset glue (/home/kangchen/.cache/huggingface/datasets/nyu-mll___glue/wnli/0.0.0/bcdcba79d07bc864c1c254ccfcedcce55bcc9a8c)
08/06/2025 09:12:03 - INFO - datasets.builder - Downloading and preparing dataset glue/wnli to /home/kangchen/.cache/huggingface/datasets/nyu-mll___glue/wnli/0.0.0/bcdcba79d07bc864c1c254ccfcedcce55bcc9a8c...
08/06/2025 09:12:04 - INFO - datasets.download.download_manager - Downloading took 0.0 min
08/06/2025 09:12:04 - INFO - datasets.download.download_manager - Checksum Computation took 0.0 min
08/06/2025 09:12:04 - INFO - datasets.builder - Generating train split
08/06/2025 09:12:04 - INFO - datasets.builder - Generating validation split
08/06/2025 09:12:04 - INFO - datasets.builder - Generating test split
08/06/2025 09:12:04 - INFO - datasets.utils.info_utils - All the splits matched successfully.
08/06/2025 09:12:04 - INFO - datasets.builder - Dataset glue downloaded and prepared to /home/kangchen/.cache/huggingface/datasets/nyu-mll___glue/wnli/0.0.0/bcdcba79d07bc864c1c254ccfcedcce55bcc9a8c. Subsequent calls will reuse this data.
The task type of PEFT is not proper!
LoraConfig(peft_type=<PeftType.LORA: 'LORA'>, auto_mapping=None, base_model_name_or_path='bert-large-cased', revision=None, task_type=<TaskType.CAUSAL_LM: 'CAUSAL_LM'>, inference_mode=False, r=4, target_modules={'query', 'key', 'value'}, lora_inhibition=0.0, lora_alpha=16, lora_dropout=0.1, fan_in_fan_out=False, bias='none', use_rslora=False, modules_to_save=None, init_lora_weights=True, layers_to_transform=None, layers_pattern=None, rank_pattern={}, alpha_pattern={}, megatron_config=None, megatron_core='megatron.core', loftq_config={}, use_dora=False, layer_replication=None)
###############
PeftModelForCausalLM(
  (base_model): LoraModel(
    (model): BertForSequenceClassification(
      (bert): BertModel(
        (embeddings): BertEmbeddings(
          (word_embeddings): Embedding(28996, 1024, padding_idx=0)
          (position_embeddings): Embedding(512, 1024)
          (token_type_embeddings): Embedding(2, 1024)
          (LayerNorm): LayerNorm((1024,), eps=1e-12, elementwise_affine=True)
          (dropout): Dropout(p=0.1, inplace=False)
        )
        (encoder): BertEncoder(
          (layer): ModuleList(
            (0-23): 24 x BertLayer(
              (attention): BertAttention(
                (self): BertSdpaSelfAttention(
                  (query): lora.Linear(
                    (base_layer): Linear(in_features=1024, out_features=1024, bias=True)
                    (lora_dropout): ModuleDict(
                      (default): Dropout(p=0.1, inplace=False)
                    )
                    (lora_A): ModuleDict(
                      (default): Linear(in_features=1024, out_features=4, bias=False)
                    )
                    (lora_B): ModuleDict(
                      (default): Linear(in_features=4, out_features=1024, bias=False)
                    )
                    (lora_embedding_A): ParameterDict()
                    (lora_embedding_B): ParameterDict()
                  )
                  (key): lora.Linear(
                    (base_layer): Linear(in_features=1024, out_features=1024, bias=True)
                    (lora_dropout): ModuleDict(
                      (default): Dropout(p=0.1, inplace=False)
                    )
                    (lora_A): ModuleDict(
                      (default): Linear(in_features=1024, out_features=4, bias=False)
                    )
                    (lora_B): ModuleDict(
                      (default): Linear(in_features=4, out_features=1024, bias=False)
                    )
                    (lora_embedding_A): ParameterDict()
                    (lora_embedding_B): ParameterDict()
                  )
                  (value): lora.Linear(
                    (base_layer): Linear(in_features=1024, out_features=1024, bias=True)
                    (lora_dropout): ModuleDict(
                      (default): Dropout(p=0.1, inplace=False)
                    )
                    (lora_A): ModuleDict(
                      (default): Linear(in_features=1024, out_features=4, bias=False)
                    )
                    (lora_B): ModuleDict(
                      (default): Linear(in_features=4, out_features=1024, bias=False)
                    )
                    (lora_embedding_A): ParameterDict()
                    (lora_embedding_B): ParameterDict()
                  )
                  (dropout): Dropout(p=0.1, inplace=False)
                )
                (output): BertSelfOutput(
                  (dense): Linear(in_features=1024, out_features=1024, bias=True)
                  (LayerNorm): LayerNorm((1024,), eps=1e-12, elementwise_affine=True)
                  (dropout): Dropout(p=0.1, inplace=False)
                )
              )
              (intermediate): BertIntermediate(
                (dense): Linear(in_features=1024, out_features=4096, bias=True)
                (intermediate_act_fn): GELUActivation()
              )
              (output): BertOutput(
                (dense): Linear(in_features=4096, out_features=1024, bias=True)
                (LayerNorm): LayerNorm((1024,), eps=1e-12, elementwise_affine=True)
                (dropout): Dropout(p=0.1, inplace=False)
              )
            )
          )
        )
        (pooler): BertPooler(
          (dense): Linear(in_features=1024, out_features=1024, bias=True)
          (activation): Tanh()
        )
      )
      (dropout): Dropout(p=0.1, inplace=False)
      (classifier): Linear(in_features=1024, out_features=2, bias=True)
    )
  )
)
08/06/2025 09:12:06 - INFO - datasets.arrow_dataset - Caching processed dataset at /home/kangchen/.cache/huggingface/datasets/nyu-mll___glue/wnli/0.0.0/bcdcba79d07bc864c1c254ccfcedcce55bcc9a8c/cache-9aeff6e55327ea9f.arrow
08/06/2025 09:12:06 - INFO - datasets.arrow_dataset - Caching processed dataset at /home/kangchen/.cache/huggingface/datasets/nyu-mll___glue/wnli/0.0.0/bcdcba79d07bc864c1c254ccfcedcce55bcc9a8c/cache-9092aed45efab8da.arrow
08/06/2025 09:12:06 - INFO - datasets.arrow_dataset - Caching processed dataset at /home/kangchen/.cache/huggingface/datasets/nyu-mll___glue/wnli/0.0.0/bcdcba79d07bc864c1c254ccfcedcce55bcc9a8c/cache-0c32937170cc45d7.arrow
08/06/2025 09:12:06 - INFO - __main__ - Class distribution in train set:
08/06/2025 09:12:06 - INFO - __main__ -   Label 1: 312 (49.13%)
08/06/2025 09:12:06 - INFO - __main__ -   Label 0: 323 (50.87%)
08/06/2025 09:12:06 - INFO - __main__ - Class distribution in validation set:
08/06/2025 09:12:06 - INFO - __main__ -   Label 0: 40 (56.34%)
08/06/2025 09:12:06 - INFO - __main__ -   Label 1: 31 (43.66%)
08/06/2025 09:12:06 - INFO - __main__ - Class distribution in test set:
08/06/2025 09:12:06 - INFO - __main__ -   Label -1: 146 (100.00%)
08/06/2025 09:12:06 - INFO - __main__ - Sample 114 of the training set: {'sentence1': "In July, Kamtchatka declared war on Yakutsk. Since Yakutsk's army was much better equipped and ten times larger, they were defeated within weeks.", 'sentence2': 'Yakutsk was defeated within weeks.', 'label': 0, 'idx': 114, 'input_ids': [101, 1130, 1351, 117, 14812, 1306, 6943, 2980, 1968, 3332, 1594, 1113, 14680, 4786, 23450, 119, 1967, 14680, 4786, 23450, 112, 188, 2306, 1108, 1277, 1618, 5440, 1105, 1995, 1551, 2610, 117, 1152, 1127, 2378, 1439, 2277, 119, 102, 14680, 4786, 23450, 1108, 2378, 1439, 2277, 119, 102, 0, 0, 0, 0, 0, 0, 0, 0, 0, 0, 0, 0, 0, 0, 0, 0, 0, 0, 0, 0, 0, 0, 0, 0, 0, 0, 0, 0, 0, 0, 0, 0, 0, 0, 0, 0, 0, 0, 0, 0, 0, 0, 0, 0, 0, 0, 0, 0, 0, 0, 0, 0, 0, 0, 0, 0, 0, 0, 0, 0, 0, 0, 0, 0, 0, 0, 0, 0, 0, 0, 0, 0, 0, 0, 0, 0, 0, 0, 0, 0], 'token_type_ids': [0, 0, 0, 0, 0, 0, 0, 0, 0, 0, 0, 0, 0, 0, 0, 0, 0, 0, 0, 0, 0, 0, 0, 0, 0, 0, 0, 0, 0, 0, 0, 0, 0, 0, 0, 0, 0, 0, 0, 1, 1, 1, 1, 1, 1, 1, 1, 1, 0, 0, 0, 0, 0, 0, 0, 0, 0, 0, 0, 0, 0, 0, 0, 0, 0, 0, 0, 0, 0, 0, 0, 0, 0, 0, 0, 0, 0, 0, 0, 0, 0, 0, 0, 0, 0, 0, 0, 0, 0, 0, 0, 0, 0, 0, 0, 0, 0, 0, 0, 0, 0, 0, 0, 0, 0, 0, 0, 0, 0, 0, 0, 0, 0, 0, 0, 0, 0, 0, 0, 0, 0, 0, 0, 0, 0, 0, 0, 0], 'attention_mask': [1, 1, 1, 1, 1, 1, 1, 1, 1, 1, 1, 1, 1, 1, 1, 1, 1, 1, 1, 1, 1, 1, 1, 1, 1, 1, 1, 1, 1, 1, 1, 1, 1, 1, 1, 1, 1, 1, 1, 1, 1, 1, 1, 1, 1, 1, 1, 1, 0, 0, 0, 0, 0, 0, 0, 0, 0, 0, 0, 0, 0, 0, 0, 0, 0, 0, 0, 0, 0, 0, 0, 0, 0, 0, 0, 0, 0, 0, 0, 0, 0, 0, 0, 0, 0, 0, 0, 0, 0, 0, 0, 0, 0, 0, 0, 0, 0, 0, 0, 0, 0, 0, 0, 0, 0, 0, 0, 0, 0, 0, 0, 0, 0, 0, 0, 0, 0, 0, 0, 0, 0, 0, 0, 0, 0, 0, 0, 0]}.
08/06/2025 09:12:06 - INFO - __main__ - Sample 25 of the training set: {'sentence1': "The trophy doesn't fit into the brown suitcase because it is too large.", 'sentence2': 'The suitcase is too large.', 'label': 0, 'idx': 25, 'input_ids': [101, 1109, 11073, 2144, 112, 189, 4218, 1154, 1103, 3058, 17655, 1272, 1122, 1110, 1315, 1415, 119, 102, 1109, 17655, 1110, 1315, 1415, 119, 102, 0, 0, 0, 0, 0, 0, 0, 0, 0, 0, 0, 0, 0, 0, 0, 0, 0, 0, 0, 0, 0, 0, 0, 0, 0, 0, 0, 0, 0, 0, 0, 0, 0, 0, 0, 0, 0, 0, 0, 0, 0, 0, 0, 0, 0, 0, 0, 0, 0, 0, 0, 0, 0, 0, 0, 0, 0, 0, 0, 0, 0, 0, 0, 0, 0, 0, 0, 0, 0, 0, 0, 0, 0, 0, 0, 0, 0, 0, 0, 0, 0, 0, 0, 0, 0, 0, 0, 0, 0, 0, 0, 0, 0, 0, 0, 0, 0, 0, 0, 0, 0, 0, 0], 'token_type_ids': [0, 0, 0, 0, 0, 0, 0, 0, 0, 0, 0, 0, 0, 0, 0, 0, 0, 0, 1, 1, 1, 1, 1, 1, 1, 0, 0, 0, 0, 0, 0, 0, 0, 0, 0, 0, 0, 0, 0, 0, 0, 0, 0, 0, 0, 0, 0, 0, 0, 0, 0, 0, 0, 0, 0, 0, 0, 0, 0, 0, 0, 0, 0, 0, 0, 0, 0, 0, 0, 0, 0, 0, 0, 0, 0, 0, 0, 0, 0, 0, 0, 0, 0, 0, 0, 0, 0, 0, 0, 0, 0, 0, 0, 0, 0, 0, 0, 0, 0, 0, 0, 0, 0, 0, 0, 0, 0, 0, 0, 0, 0, 0, 0, 0, 0, 0, 0, 0, 0, 0, 0, 0, 0, 0, 0, 0, 0, 0], 'attention_mask': [1, 1, 1, 1, 1, 1, 1, 1, 1, 1, 1, 1, 1, 1, 1, 1, 1, 1, 1, 1, 1, 1, 1, 1, 1, 0, 0, 0, 0, 0, 0, 0, 0, 0, 0, 0, 0, 0, 0, 0, 0, 0, 0, 0, 0, 0, 0, 0, 0, 0, 0, 0, 0, 0, 0, 0, 0, 0, 0, 0, 0, 0, 0, 0, 0, 0, 0, 0, 0, 0, 0, 0, 0, 0, 0, 0, 0, 0, 0, 0, 0, 0, 0, 0, 0, 0, 0, 0, 0, 0, 0, 0, 0, 0, 0, 0, 0, 0, 0, 0, 0, 0, 0, 0, 0, 0, 0, 0, 0, 0, 0, 0, 0, 0, 0, 0, 0, 0, 0, 0, 0, 0, 0, 0, 0, 0, 0, 0]}.
08/06/2025 09:12:06 - INFO - __main__ - Sample 281 of the training set: {'sentence1': "Paul tried to call George on the phone, but he wasn't successful.", 'sentence2': "George wasn't successful.", 'label': 0, 'idx': 281, 'input_ids': [101, 1795, 1793, 1106, 1840, 1667, 1113, 1103, 2179, 117, 1133, 1119, 1445, 112, 189, 2265, 119, 102, 1667, 1445, 112, 189, 2265, 119, 102, 0, 0, 0, 0, 0, 0, 0, 0, 0, 0, 0, 0, 0, 0, 0, 0, 0, 0, 0, 0, 0, 0, 0, 0, 0, 0, 0, 0, 0, 0, 0, 0, 0, 0, 0, 0, 0, 0, 0, 0, 0, 0, 0, 0, 0, 0, 0, 0, 0, 0, 0, 0, 0, 0, 0, 0, 0, 0, 0, 0, 0, 0, 0, 0, 0, 0, 0, 0, 0, 0, 0, 0, 0, 0, 0, 0, 0, 0, 0, 0, 0, 0, 0, 0, 0, 0, 0, 0, 0, 0, 0, 0, 0, 0, 0, 0, 0, 0, 0, 0, 0, 0, 0], 'token_type_ids': [0, 0, 0, 0, 0, 0, 0, 0, 0, 0, 0, 0, 0, 0, 0, 0, 0, 0, 1, 1, 1, 1, 1, 1, 1, 0, 0, 0, 0, 0, 0, 0, 0, 0, 0, 0, 0, 0, 0, 0, 0, 0, 0, 0, 0, 0, 0, 0, 0, 0, 0, 0, 0, 0, 0, 0, 0, 0, 0, 0, 0, 0, 0, 0, 0, 0, 0, 0, 0, 0, 0, 0, 0, 0, 0, 0, 0, 0, 0, 0, 0, 0, 0, 0, 0, 0, 0, 0, 0, 0, 0, 0, 0, 0, 0, 0, 0, 0, 0, 0, 0, 0, 0, 0, 0, 0, 0, 0, 0, 0, 0, 0, 0, 0, 0, 0, 0, 0, 0, 0, 0, 0, 0, 0, 0, 0, 0, 0], 'attention_mask': [1, 1, 1, 1, 1, 1, 1, 1, 1, 1, 1, 1, 1, 1, 1, 1, 1, 1, 1, 1, 1, 1, 1, 1, 1, 0, 0, 0, 0, 0, 0, 0, 0, 0, 0, 0, 0, 0, 0, 0, 0, 0, 0, 0, 0, 0, 0, 0, 0, 0, 0, 0, 0, 0, 0, 0, 0, 0, 0, 0, 0, 0, 0, 0, 0, 0, 0, 0, 0, 0, 0, 0, 0, 0, 0, 0, 0, 0, 0, 0, 0, 0, 0, 0, 0, 0, 0, 0, 0, 0, 0, 0, 0, 0, 0, 0, 0, 0, 0, 0, 0, 0, 0, 0, 0, 0, 0, 0, 0, 0, 0, 0, 0, 0, 0, 0, 0, 0, 0, 0, 0, 0, 0, 0, 0, 0, 0, 0]}.
08/06/2025 09:12:06 - WARNING - accelerate.utils.other - Detected kernel version 4.18.0, which is below the recommended minimum of 5.5.0; this can cause the process to hang. It is recommended to upgrade the kernel to the minimum version or higher.
{'loss': 0.7151, 'grad_norm': 0.7041943073272705, 'learning_rate': 1.88125e-05, 'epoch': 6.25}
{'train_runtime': 124.9524, 'train_samples_per_second': 50.819, 'train_steps_per_second': 6.402, 'train_loss': 0.7110102844238281, 'epoch': 10.0}
***** train metrics *****
  epoch                    =       10.0
  total_flos               =  1380515GF
  train_loss               =      0.711
  train_runtime            = 0:02:04.95
  train_samples            =        635
  train_samples_per_second =     50.819
  train_steps_per_second   =      6.402
08/06/2025 09:14:15 - INFO - __main__ - *** Evaluate ***
***** eval metrics *****
  epoch                   =       10.0
  eval_accuracy           =     0.4085
  eval_loss               =     0.7381
  eval_runtime            = 0:00:00.69
  eval_samples            =         71
  eval_samples_per_second =    102.133
  eval_steps_per_second   =     12.946
08/06/2025 09:14:24 - WARNING - __main__ - Process rank: 0, device: cuda:0, n_gpu: 1, distributed training: False, 16-bits training: False
08/06/2025 09:14:24 - INFO - __main__ - Training/evaluation parameters TrainingArguments(
_n_gpu=1,
accelerator_config={'split_batches': False, 'dispatch_batches': None, 'even_batches': True, 'use_seedable_sampler': True, 'non_blocking': False, 'gradient_accumulation_kwargs': None, 'use_configured_state': False},
adafactor=False,
adam_beta1=0.9,
adam_beta2=0.999,
adam_epsilon=1e-08,
auto_find_batch_size=False,
average_tokens_across_devices=False,
batch_eval_metrics=False,
bf16=False,
bf16_full_eval=False,
data_seed=None,
dataloader_drop_last=False,
dataloader_num_workers=0,
dataloader_persistent_workers=False,
dataloader_pin_memory=True,
dataloader_prefetch_factor=None,
ddp_backend=None,
ddp_broadcast_buffers=None,
ddp_bucket_cap_mb=None,
ddp_find_unused_parameters=None,
ddp_timeout=1800,
debug=[],
deepspeed=None,
disable_tqdm=False,
do_eval=True,
do_predict=False,
do_train=True,
eval_accumulation_steps=None,
eval_delay=0,
eval_do_concat_batches=True,
eval_on_start=False,
eval_steps=None,
eval_strategy=no,
eval_use_gather_object=False,
fp16=False,
fp16_backend=auto,
fp16_full_eval=False,
fp16_opt_level=O1,
fsdp=[],
fsdp_config={'min_num_params': 0, 'xla': False, 'xla_fsdp_v2': False, 'xla_fsdp_grad_ckpt': False},
fsdp_min_num_params=0,
fsdp_transformer_layer_cls_to_wrap=None,
full_determinism=False,
gradient_accumulation_steps=1,
gradient_checkpointing=False,
gradient_checkpointing_kwargs=None,
greater_is_better=None,
group_by_length=False,
half_precision_backend=auto,
hub_always_push=False,
hub_model_id=None,
hub_private_repo=None,
hub_revision=None,
hub_strategy=every_save,
hub_token=<HUB_TOKEN>,
ignore_data_skip=False,
include_for_metrics=[],
include_inputs_for_metrics=False,
include_num_input_tokens_seen=False,
include_tokens_per_second=False,
jit_mode_eval=False,
label_names=None,
label_smoothing_factor=0.0,
learning_rate=5e-05,
length_column_name=length,
liger_kernel_config=None,
load_best_model_at_end=False,
local_rank=0,
log_level=passive,
log_level_replica=warning,
log_on_each_node=True,
logging_dir=output_final/BERT_large/WNLI/InA10/runs/Aug06_09-14-24_n21,
logging_first_step=False,
logging_nan_inf_filter=True,
logging_steps=500,
logging_strategy=steps,
lr_scheduler_kwargs={},
lr_scheduler_type=linear,
max_grad_norm=1.0,
max_steps=-1,
metric_for_best_model=None,
mp_parameters=,
neftune_noise_alpha=None,
no_cuda=False,
num_train_epochs=10.0,
optim=adamw_torch,
optim_args=None,
optim_target_modules=None,
output_dir=output_final/BERT_large/WNLI/InA10/,
overwrite_output_dir=True,
past_index=-1,
per_device_eval_batch_size=8,
per_device_train_batch_size=8,
prediction_loss_only=False,
push_to_hub=False,
push_to_hub_model_id=None,
push_to_hub_organization=None,
push_to_hub_token=<PUSH_TO_HUB_TOKEN>,
ray_scope=last,
remove_unused_columns=True,
report_to=[],
restore_callback_states_from_checkpoint=False,
resume_from_checkpoint=None,
run_name=output_final/BERT_large/WNLI/InA10/,
save_on_each_node=False,
save_only_model=False,
save_safetensors=True,
save_steps=500,
save_strategy=steps,
save_total_limit=None,
seed=42,
skip_memory_metrics=True,
tf32=None,
torch_compile=False,
torch_compile_backend=None,
torch_compile_mode=None,
torch_empty_cache_steps=None,
torchdynamo=None,
tpu_metrics_debug=False,
tpu_num_cores=None,
use_cpu=False,
use_ipex=False,
use_legacy_prediction_loop=False,
use_liger_kernel=False,
use_mps_device=False,
warmup_ratio=0.0,
warmup_steps=0,
weight_decay=0.0,
)
08/06/2025 09:14:27 - INFO - datasets.builder - Found cached dataset glue (/home/kangchen/.cache/huggingface/datasets/nyu-mll___glue/wnli/0.0.0/bcdcba79d07bc864c1c254ccfcedcce55bcc9a8c)
The task type of PEFT is not proper!
LoraConfig(peft_type=<PeftType.LORA: 'LORA'>, auto_mapping=None, base_model_name_or_path='bert-large-cased', revision=None, task_type=<TaskType.CAUSAL_LM: 'CAUSAL_LM'>, inference_mode=False, r=4, target_modules={'query', 'value', 'key'}, lora_inhibition=0.1, lora_alpha=16, lora_dropout=0.1, fan_in_fan_out=False, bias='none', use_rslora=False, modules_to_save=None, init_lora_weights=True, layers_to_transform=None, layers_pattern=None, rank_pattern={}, alpha_pattern={}, megatron_config=None, megatron_core='megatron.core', loftq_config={}, use_dora=False, layer_replication=None)
###############
PeftModelForCausalLM(
  (base_model): LoraModel(
    (model): BertForSequenceClassification(
      (bert): BertModel(
        (embeddings): BertEmbeddings(
          (word_embeddings): Embedding(28996, 1024, padding_idx=0)
          (position_embeddings): Embedding(512, 1024)
          (token_type_embeddings): Embedding(2, 1024)
          (LayerNorm): LayerNorm((1024,), eps=1e-12, elementwise_affine=True)
          (dropout): Dropout(p=0.1, inplace=False)
        )
        (encoder): BertEncoder(
          (layer): ModuleList(
            (0-23): 24 x BertLayer(
              (attention): BertAttention(
                (self): BertSdpaSelfAttention(
                  (query): lora.Linear(
                    (base_layer): Linear(in_features=1024, out_features=1024, bias=True)
                    (lora_dropout): ModuleDict(
                      (default): Dropout(p=0.1, inplace=False)
                    )
                    (lora_A): ModuleDict(
                      (default): Linear(in_features=1024, out_features=4, bias=False)
                    )
                    (lora_B): ModuleDict(
                      (default): Linear(in_features=4, out_features=1024, bias=False)
                    )
                    (lora_embedding_A): ParameterDict()
                    (lora_embedding_B): ParameterDict()
                  )
                  (key): lora.Linear(
                    (base_layer): Linear(in_features=1024, out_features=1024, bias=True)
                    (lora_dropout): ModuleDict(
                      (default): Dropout(p=0.1, inplace=False)
                    )
                    (lora_A): ModuleDict(
                      (default): Linear(in_features=1024, out_features=4, bias=False)
                    )
                    (lora_B): ModuleDict(
                      (default): Linear(in_features=4, out_features=1024, bias=False)
                    )
                    (lora_embedding_A): ParameterDict()
                    (lora_embedding_B): ParameterDict()
                  )
                  (value): lora.Linear(
                    (base_layer): Linear(in_features=1024, out_features=1024, bias=True)
                    (lora_dropout): ModuleDict(
                      (default): Dropout(p=0.1, inplace=False)
                    )
                    (lora_A): ModuleDict(
                      (default): Linear(in_features=1024, out_features=4, bias=False)
                    )
                    (lora_B): ModuleDict(
                      (default): Linear(in_features=4, out_features=1024, bias=False)
                    )
                    (lora_embedding_A): ParameterDict()
                    (lora_embedding_B): ParameterDict()
                  )
                  (dropout): Dropout(p=0.1, inplace=False)
                )
                (output): BertSelfOutput(
                  (dense): Linear(in_features=1024, out_features=1024, bias=True)
                  (LayerNorm): LayerNorm((1024,), eps=1e-12, elementwise_affine=True)
                  (dropout): Dropout(p=0.1, inplace=False)
                )
              )
              (intermediate): BertIntermediate(
                (dense): Linear(in_features=1024, out_features=4096, bias=True)
                (intermediate_act_fn): GELUActivation()
              )
              (output): BertOutput(
                (dense): Linear(in_features=4096, out_features=1024, bias=True)
                (LayerNorm): LayerNorm((1024,), eps=1e-12, elementwise_affine=True)
                (dropout): Dropout(p=0.1, inplace=False)
              )
            )
          )
        )
        (pooler): BertPooler(
          (dense): Linear(in_features=1024, out_features=1024, bias=True)
          (activation): Tanh()
        )
      )
      (dropout): Dropout(p=0.1, inplace=False)
      (classifier): Linear(in_features=1024, out_features=2, bias=True)
    )
  )
)
08/06/2025 09:14:28 - INFO - datasets.arrow_dataset - Loading cached processed dataset at /home/kangchen/.cache/huggingface/datasets/nyu-mll___glue/wnli/0.0.0/bcdcba79d07bc864c1c254ccfcedcce55bcc9a8c/cache-9aeff6e55327ea9f_*_of_00001.arrow
08/06/2025 09:14:29 - INFO - datasets.arrow_dataset - Caching processed dataset at /home/kangchen/.cache/huggingface/datasets/nyu-mll___glue/wnli/0.0.0/bcdcba79d07bc864c1c254ccfcedcce55bcc9a8c/cache-8139b013c9874397.arrow
08/06/2025 09:14:29 - INFO - datasets.arrow_dataset - Loading cached processed dataset at /home/kangchen/.cache/huggingface/datasets/nyu-mll___glue/wnli/0.0.0/bcdcba79d07bc864c1c254ccfcedcce55bcc9a8c/cache-0c32937170cc45d7_*_of_00001.arrow
08/06/2025 09:14:29 - INFO - __main__ - Class distribution in train set:
08/06/2025 09:14:29 - INFO - __main__ -   Label 1: 312 (49.13%)
08/06/2025 09:14:29 - INFO - __main__ -   Label 0: 323 (50.87%)
08/06/2025 09:14:29 - INFO - __main__ - Class distribution in validation set:
08/06/2025 09:14:29 - INFO - __main__ -   Label 0: 40 (56.34%)
08/06/2025 09:14:29 - INFO - __main__ -   Label 1: 31 (43.66%)
08/06/2025 09:14:29 - INFO - __main__ - Class distribution in test set:
08/06/2025 09:14:29 - INFO - __main__ -   Label -1: 146 (100.00%)
08/06/2025 09:14:29 - INFO - __main__ - Sample 114 of the training set: {'sentence1': "In July, Kamtchatka declared war on Yakutsk. Since Yakutsk's army was much better equipped and ten times larger, they were defeated within weeks.", 'sentence2': 'Yakutsk was defeated within weeks.', 'label': 0, 'idx': 114, 'input_ids': [101, 1130, 1351, 117, 14812, 1306, 6943, 2980, 1968, 3332, 1594, 1113, 14680, 4786, 23450, 119, 1967, 14680, 4786, 23450, 112, 188, 2306, 1108, 1277, 1618, 5440, 1105, 1995, 1551, 2610, 117, 1152, 1127, 2378, 1439, 2277, 119, 102, 14680, 4786, 23450, 1108, 2378, 1439, 2277, 119, 102, 0, 0, 0, 0, 0, 0, 0, 0, 0, 0, 0, 0, 0, 0, 0, 0, 0, 0, 0, 0, 0, 0, 0, 0, 0, 0, 0, 0, 0, 0, 0, 0, 0, 0, 0, 0, 0, 0, 0, 0, 0, 0, 0, 0, 0, 0, 0, 0, 0, 0, 0, 0, 0, 0, 0, 0, 0, 0, 0, 0, 0, 0, 0, 0, 0, 0, 0, 0, 0, 0, 0, 0, 0, 0, 0, 0, 0, 0, 0, 0], 'token_type_ids': [0, 0, 0, 0, 0, 0, 0, 0, 0, 0, 0, 0, 0, 0, 0, 0, 0, 0, 0, 0, 0, 0, 0, 0, 0, 0, 0, 0, 0, 0, 0, 0, 0, 0, 0, 0, 0, 0, 0, 1, 1, 1, 1, 1, 1, 1, 1, 1, 0, 0, 0, 0, 0, 0, 0, 0, 0, 0, 0, 0, 0, 0, 0, 0, 0, 0, 0, 0, 0, 0, 0, 0, 0, 0, 0, 0, 0, 0, 0, 0, 0, 0, 0, 0, 0, 0, 0, 0, 0, 0, 0, 0, 0, 0, 0, 0, 0, 0, 0, 0, 0, 0, 0, 0, 0, 0, 0, 0, 0, 0, 0, 0, 0, 0, 0, 0, 0, 0, 0, 0, 0, 0, 0, 0, 0, 0, 0, 0], 'attention_mask': [1, 1, 1, 1, 1, 1, 1, 1, 1, 1, 1, 1, 1, 1, 1, 1, 1, 1, 1, 1, 1, 1, 1, 1, 1, 1, 1, 1, 1, 1, 1, 1, 1, 1, 1, 1, 1, 1, 1, 1, 1, 1, 1, 1, 1, 1, 1, 1, 0, 0, 0, 0, 0, 0, 0, 0, 0, 0, 0, 0, 0, 0, 0, 0, 0, 0, 0, 0, 0, 0, 0, 0, 0, 0, 0, 0, 0, 0, 0, 0, 0, 0, 0, 0, 0, 0, 0, 0, 0, 0, 0, 0, 0, 0, 0, 0, 0, 0, 0, 0, 0, 0, 0, 0, 0, 0, 0, 0, 0, 0, 0, 0, 0, 0, 0, 0, 0, 0, 0, 0, 0, 0, 0, 0, 0, 0, 0, 0]}.
08/06/2025 09:14:29 - INFO - __main__ - Sample 25 of the training set: {'sentence1': "The trophy doesn't fit into the brown suitcase because it is too large.", 'sentence2': 'The suitcase is too large.', 'label': 0, 'idx': 25, 'input_ids': [101, 1109, 11073, 2144, 112, 189, 4218, 1154, 1103, 3058, 17655, 1272, 1122, 1110, 1315, 1415, 119, 102, 1109, 17655, 1110, 1315, 1415, 119, 102, 0, 0, 0, 0, 0, 0, 0, 0, 0, 0, 0, 0, 0, 0, 0, 0, 0, 0, 0, 0, 0, 0, 0, 0, 0, 0, 0, 0, 0, 0, 0, 0, 0, 0, 0, 0, 0, 0, 0, 0, 0, 0, 0, 0, 0, 0, 0, 0, 0, 0, 0, 0, 0, 0, 0, 0, 0, 0, 0, 0, 0, 0, 0, 0, 0, 0, 0, 0, 0, 0, 0, 0, 0, 0, 0, 0, 0, 0, 0, 0, 0, 0, 0, 0, 0, 0, 0, 0, 0, 0, 0, 0, 0, 0, 0, 0, 0, 0, 0, 0, 0, 0, 0], 'token_type_ids': [0, 0, 0, 0, 0, 0, 0, 0, 0, 0, 0, 0, 0, 0, 0, 0, 0, 0, 1, 1, 1, 1, 1, 1, 1, 0, 0, 0, 0, 0, 0, 0, 0, 0, 0, 0, 0, 0, 0, 0, 0, 0, 0, 0, 0, 0, 0, 0, 0, 0, 0, 0, 0, 0, 0, 0, 0, 0, 0, 0, 0, 0, 0, 0, 0, 0, 0, 0, 0, 0, 0, 0, 0, 0, 0, 0, 0, 0, 0, 0, 0, 0, 0, 0, 0, 0, 0, 0, 0, 0, 0, 0, 0, 0, 0, 0, 0, 0, 0, 0, 0, 0, 0, 0, 0, 0, 0, 0, 0, 0, 0, 0, 0, 0, 0, 0, 0, 0, 0, 0, 0, 0, 0, 0, 0, 0, 0, 0], 'attention_mask': [1, 1, 1, 1, 1, 1, 1, 1, 1, 1, 1, 1, 1, 1, 1, 1, 1, 1, 1, 1, 1, 1, 1, 1, 1, 0, 0, 0, 0, 0, 0, 0, 0, 0, 0, 0, 0, 0, 0, 0, 0, 0, 0, 0, 0, 0, 0, 0, 0, 0, 0, 0, 0, 0, 0, 0, 0, 0, 0, 0, 0, 0, 0, 0, 0, 0, 0, 0, 0, 0, 0, 0, 0, 0, 0, 0, 0, 0, 0, 0, 0, 0, 0, 0, 0, 0, 0, 0, 0, 0, 0, 0, 0, 0, 0, 0, 0, 0, 0, 0, 0, 0, 0, 0, 0, 0, 0, 0, 0, 0, 0, 0, 0, 0, 0, 0, 0, 0, 0, 0, 0, 0, 0, 0, 0, 0, 0, 0]}.
08/06/2025 09:14:29 - INFO - __main__ - Sample 281 of the training set: {'sentence1': "Paul tried to call George on the phone, but he wasn't successful.", 'sentence2': "George wasn't successful.", 'label': 0, 'idx': 281, 'input_ids': [101, 1795, 1793, 1106, 1840, 1667, 1113, 1103, 2179, 117, 1133, 1119, 1445, 112, 189, 2265, 119, 102, 1667, 1445, 112, 189, 2265, 119, 102, 0, 0, 0, 0, 0, 0, 0, 0, 0, 0, 0, 0, 0, 0, 0, 0, 0, 0, 0, 0, 0, 0, 0, 0, 0, 0, 0, 0, 0, 0, 0, 0, 0, 0, 0, 0, 0, 0, 0, 0, 0, 0, 0, 0, 0, 0, 0, 0, 0, 0, 0, 0, 0, 0, 0, 0, 0, 0, 0, 0, 0, 0, 0, 0, 0, 0, 0, 0, 0, 0, 0, 0, 0, 0, 0, 0, 0, 0, 0, 0, 0, 0, 0, 0, 0, 0, 0, 0, 0, 0, 0, 0, 0, 0, 0, 0, 0, 0, 0, 0, 0, 0, 0], 'token_type_ids': [0, 0, 0, 0, 0, 0, 0, 0, 0, 0, 0, 0, 0, 0, 0, 0, 0, 0, 1, 1, 1, 1, 1, 1, 1, 0, 0, 0, 0, 0, 0, 0, 0, 0, 0, 0, 0, 0, 0, 0, 0, 0, 0, 0, 0, 0, 0, 0, 0, 0, 0, 0, 0, 0, 0, 0, 0, 0, 0, 0, 0, 0, 0, 0, 0, 0, 0, 0, 0, 0, 0, 0, 0, 0, 0, 0, 0, 0, 0, 0, 0, 0, 0, 0, 0, 0, 0, 0, 0, 0, 0, 0, 0, 0, 0, 0, 0, 0, 0, 0, 0, 0, 0, 0, 0, 0, 0, 0, 0, 0, 0, 0, 0, 0, 0, 0, 0, 0, 0, 0, 0, 0, 0, 0, 0, 0, 0, 0], 'attention_mask': [1, 1, 1, 1, 1, 1, 1, 1, 1, 1, 1, 1, 1, 1, 1, 1, 1, 1, 1, 1, 1, 1, 1, 1, 1, 0, 0, 0, 0, 0, 0, 0, 0, 0, 0, 0, 0, 0, 0, 0, 0, 0, 0, 0, 0, 0, 0, 0, 0, 0, 0, 0, 0, 0, 0, 0, 0, 0, 0, 0, 0, 0, 0, 0, 0, 0, 0, 0, 0, 0, 0, 0, 0, 0, 0, 0, 0, 0, 0, 0, 0, 0, 0, 0, 0, 0, 0, 0, 0, 0, 0, 0, 0, 0, 0, 0, 0, 0, 0, 0, 0, 0, 0, 0, 0, 0, 0, 0, 0, 0, 0, 0, 0, 0, 0, 0, 0, 0, 0, 0, 0, 0, 0, 0, 0, 0, 0, 0]}.
08/06/2025 09:14:29 - WARNING - accelerate.utils.other - Detected kernel version 4.18.0, which is below the recommended minimum of 5.5.0; this can cause the process to hang. It is recommended to upgrade the kernel to the minimum version or higher.
{'loss': 0.7146, 'grad_norm': 0.5598118305206299, 'learning_rate': 1.88125e-05, 'epoch': 6.25}
{'train_runtime': 125.6563, 'train_samples_per_second': 50.535, 'train_steps_per_second': 6.367, 'train_loss': 0.7094273376464844, 'epoch': 10.0}
***** train metrics *****
  epoch                    =       10.0
  total_flos               =  1380515GF
  train_loss               =     0.7094
  train_runtime            = 0:02:05.65
  train_samples            =        635
  train_samples_per_second =     50.535
  train_steps_per_second   =      6.367
08/06/2025 09:16:36 - INFO - __main__ - *** Evaluate ***
***** eval metrics *****
  epoch                   =       10.0
  eval_accuracy           =     0.4085
  eval_loss               =     0.7399
  eval_runtime            = 0:00:00.63
  eval_samples            =         71
  eval_samples_per_second =    112.353
  eval_steps_per_second   =     14.242
08/06/2025 09:16:49 - WARNING - __main__ - Process rank: 0, device: cuda:0, n_gpu: 1, distributed training: False, 16-bits training: False
08/06/2025 09:16:49 - INFO - __main__ - Training/evaluation parameters TrainingArguments(
_n_gpu=1,
accelerator_config={'split_batches': False, 'dispatch_batches': None, 'even_batches': True, 'use_seedable_sampler': True, 'non_blocking': False, 'gradient_accumulation_kwargs': None, 'use_configured_state': False},
adafactor=False,
adam_beta1=0.9,
adam_beta2=0.999,
adam_epsilon=1e-08,
auto_find_batch_size=False,
average_tokens_across_devices=False,
batch_eval_metrics=False,
bf16=False,
bf16_full_eval=False,
data_seed=None,
dataloader_drop_last=False,
dataloader_num_workers=0,
dataloader_persistent_workers=False,
dataloader_pin_memory=True,
dataloader_prefetch_factor=None,
ddp_backend=None,
ddp_broadcast_buffers=None,
ddp_bucket_cap_mb=None,
ddp_find_unused_parameters=None,
ddp_timeout=1800,
debug=[],
deepspeed=None,
disable_tqdm=False,
do_eval=True,
do_predict=False,
do_train=True,
eval_accumulation_steps=None,
eval_delay=0,
eval_do_concat_batches=True,
eval_on_start=False,
eval_steps=None,
eval_strategy=no,
eval_use_gather_object=False,
fp16=False,
fp16_backend=auto,
fp16_full_eval=False,
fp16_opt_level=O1,
fsdp=[],
fsdp_config={'min_num_params': 0, 'xla': False, 'xla_fsdp_v2': False, 'xla_fsdp_grad_ckpt': False},
fsdp_min_num_params=0,
fsdp_transformer_layer_cls_to_wrap=None,
full_determinism=False,
gradient_accumulation_steps=1,
gradient_checkpointing=False,
gradient_checkpointing_kwargs=None,
greater_is_better=None,
group_by_length=False,
half_precision_backend=auto,
hub_always_push=False,
hub_model_id=None,
hub_private_repo=None,
hub_revision=None,
hub_strategy=every_save,
hub_token=<HUB_TOKEN>,
ignore_data_skip=False,
include_for_metrics=[],
include_inputs_for_metrics=False,
include_num_input_tokens_seen=False,
include_tokens_per_second=False,
jit_mode_eval=False,
label_names=None,
label_smoothing_factor=0.0,
learning_rate=5e-05,
length_column_name=length,
liger_kernel_config=None,
load_best_model_at_end=False,
local_rank=0,
log_level=passive,
log_level_replica=warning,
log_on_each_node=True,
logging_dir=output_final/BERT_large/WNLI/InA30/runs/Aug06_09-16-49_n21,
logging_first_step=False,
logging_nan_inf_filter=True,
logging_steps=500,
logging_strategy=steps,
lr_scheduler_kwargs={},
lr_scheduler_type=linear,
max_grad_norm=1.0,
max_steps=-1,
metric_for_best_model=None,
mp_parameters=,
neftune_noise_alpha=None,
no_cuda=False,
num_train_epochs=10.0,
optim=adamw_torch,
optim_args=None,
optim_target_modules=None,
output_dir=output_final/BERT_large/WNLI/InA30/,
overwrite_output_dir=True,
past_index=-1,
per_device_eval_batch_size=8,
per_device_train_batch_size=8,
prediction_loss_only=False,
push_to_hub=False,
push_to_hub_model_id=None,
push_to_hub_organization=None,
push_to_hub_token=<PUSH_TO_HUB_TOKEN>,
ray_scope=last,
remove_unused_columns=True,
report_to=[],
restore_callback_states_from_checkpoint=False,
resume_from_checkpoint=None,
run_name=output_final/BERT_large/WNLI/InA30/,
save_on_each_node=False,
save_only_model=False,
save_safetensors=True,
save_steps=500,
save_strategy=steps,
save_total_limit=None,
seed=42,
skip_memory_metrics=True,
tf32=None,
torch_compile=False,
torch_compile_backend=None,
torch_compile_mode=None,
torch_empty_cache_steps=None,
torchdynamo=None,
tpu_metrics_debug=False,
tpu_num_cores=None,
use_cpu=False,
use_ipex=False,
use_legacy_prediction_loop=False,
use_liger_kernel=False,
use_mps_device=False,
warmup_ratio=0.0,
warmup_steps=0,
weight_decay=0.0,
)
08/06/2025 09:16:51 - INFO - datasets.builder - Found cached dataset glue (/home/kangchen/.cache/huggingface/datasets/nyu-mll___glue/wnli/0.0.0/bcdcba79d07bc864c1c254ccfcedcce55bcc9a8c)
The task type of PEFT is not proper!
LoraConfig(peft_type=<PeftType.LORA: 'LORA'>, auto_mapping=None, base_model_name_or_path='bert-large-cased', revision=None, task_type=<TaskType.CAUSAL_LM: 'CAUSAL_LM'>, inference_mode=False, r=4, target_modules={'value', 'key', 'query'}, lora_inhibition=0.3, lora_alpha=16, lora_dropout=0.1, fan_in_fan_out=False, bias='none', use_rslora=False, modules_to_save=None, init_lora_weights=True, layers_to_transform=None, layers_pattern=None, rank_pattern={}, alpha_pattern={}, megatron_config=None, megatron_core='megatron.core', loftq_config={}, use_dora=False, layer_replication=None)
###############
PeftModelForCausalLM(
  (base_model): LoraModel(
    (model): BertForSequenceClassification(
      (bert): BertModel(
        (embeddings): BertEmbeddings(
          (word_embeddings): Embedding(28996, 1024, padding_idx=0)
          (position_embeddings): Embedding(512, 1024)
          (token_type_embeddings): Embedding(2, 1024)
          (LayerNorm): LayerNorm((1024,), eps=1e-12, elementwise_affine=True)
          (dropout): Dropout(p=0.1, inplace=False)
        )
        (encoder): BertEncoder(
          (layer): ModuleList(
            (0-23): 24 x BertLayer(
              (attention): BertAttention(
                (self): BertSdpaSelfAttention(
                  (query): lora.Linear(
                    (base_layer): Linear(in_features=1024, out_features=1024, bias=True)
                    (lora_dropout): ModuleDict(
                      (default): Dropout(p=0.1, inplace=False)
                    )
                    (lora_A): ModuleDict(
                      (default): Linear(in_features=1024, out_features=4, bias=False)
                    )
                    (lora_B): ModuleDict(
                      (default): Linear(in_features=4, out_features=1024, bias=False)
                    )
                    (lora_embedding_A): ParameterDict()
                    (lora_embedding_B): ParameterDict()
                  )
                  (key): lora.Linear(
                    (base_layer): Linear(in_features=1024, out_features=1024, bias=True)
                    (lora_dropout): ModuleDict(
                      (default): Dropout(p=0.1, inplace=False)
                    )
                    (lora_A): ModuleDict(
                      (default): Linear(in_features=1024, out_features=4, bias=False)
                    )
                    (lora_B): ModuleDict(
                      (default): Linear(in_features=4, out_features=1024, bias=False)
                    )
                    (lora_embedding_A): ParameterDict()
                    (lora_embedding_B): ParameterDict()
                  )
                  (value): lora.Linear(
                    (base_layer): Linear(in_features=1024, out_features=1024, bias=True)
                    (lora_dropout): ModuleDict(
                      (default): Dropout(p=0.1, inplace=False)
                    )
                    (lora_A): ModuleDict(
                      (default): Linear(in_features=1024, out_features=4, bias=False)
                    )
                    (lora_B): ModuleDict(
                      (default): Linear(in_features=4, out_features=1024, bias=False)
                    )
                    (lora_embedding_A): ParameterDict()
                    (lora_embedding_B): ParameterDict()
                  )
                  (dropout): Dropout(p=0.1, inplace=False)
                )
                (output): BertSelfOutput(
                  (dense): Linear(in_features=1024, out_features=1024, bias=True)
                  (LayerNorm): LayerNorm((1024,), eps=1e-12, elementwise_affine=True)
                  (dropout): Dropout(p=0.1, inplace=False)
                )
              )
              (intermediate): BertIntermediate(
                (dense): Linear(in_features=1024, out_features=4096, bias=True)
                (intermediate_act_fn): GELUActivation()
              )
              (output): BertOutput(
                (dense): Linear(in_features=4096, out_features=1024, bias=True)
                (LayerNorm): LayerNorm((1024,), eps=1e-12, elementwise_affine=True)
                (dropout): Dropout(p=0.1, inplace=False)
              )
            )
          )
        )
        (pooler): BertPooler(
          (dense): Linear(in_features=1024, out_features=1024, bias=True)
          (activation): Tanh()
        )
      )
      (dropout): Dropout(p=0.1, inplace=False)
      (classifier): Linear(in_features=1024, out_features=2, bias=True)
    )
  )
)
08/06/2025 09:16:52 - INFO - datasets.arrow_dataset - Loading cached processed dataset at /home/kangchen/.cache/huggingface/datasets/nyu-mll___glue/wnli/0.0.0/bcdcba79d07bc864c1c254ccfcedcce55bcc9a8c/cache-9aeff6e55327ea9f_*_of_00001.arrow
08/06/2025 09:16:52 - INFO - datasets.arrow_dataset - Loading cached processed dataset at /home/kangchen/.cache/huggingface/datasets/nyu-mll___glue/wnli/0.0.0/bcdcba79d07bc864c1c254ccfcedcce55bcc9a8c/cache-8139b013c9874397_*_of_00001.arrow
08/06/2025 09:16:52 - INFO - datasets.arrow_dataset - Caching processed dataset at /home/kangchen/.cache/huggingface/datasets/nyu-mll___glue/wnli/0.0.0/bcdcba79d07bc864c1c254ccfcedcce55bcc9a8c/cache-b0c09f6b0191d004.arrow
08/06/2025 09:16:52 - INFO - __main__ - Class distribution in train set:
08/06/2025 09:16:52 - INFO - __main__ -   Label 1: 312 (49.13%)
08/06/2025 09:16:52 - INFO - __main__ -   Label 0: 323 (50.87%)
08/06/2025 09:16:52 - INFO - __main__ - Class distribution in validation set:
08/06/2025 09:16:52 - INFO - __main__ -   Label 0: 40 (56.34%)
08/06/2025 09:16:52 - INFO - __main__ -   Label 1: 31 (43.66%)
08/06/2025 09:16:52 - INFO - __main__ - Class distribution in test set:
08/06/2025 09:16:52 - INFO - __main__ -   Label -1: 146 (100.00%)
08/06/2025 09:16:52 - INFO - __main__ - Sample 114 of the training set: {'sentence1': "In July, Kamtchatka declared war on Yakutsk. Since Yakutsk's army was much better equipped and ten times larger, they were defeated within weeks.", 'sentence2': 'Yakutsk was defeated within weeks.', 'label': 0, 'idx': 114, 'input_ids': [101, 1130, 1351, 117, 14812, 1306, 6943, 2980, 1968, 3332, 1594, 1113, 14680, 4786, 23450, 119, 1967, 14680, 4786, 23450, 112, 188, 2306, 1108, 1277, 1618, 5440, 1105, 1995, 1551, 2610, 117, 1152, 1127, 2378, 1439, 2277, 119, 102, 14680, 4786, 23450, 1108, 2378, 1439, 2277, 119, 102, 0, 0, 0, 0, 0, 0, 0, 0, 0, 0, 0, 0, 0, 0, 0, 0, 0, 0, 0, 0, 0, 0, 0, 0, 0, 0, 0, 0, 0, 0, 0, 0, 0, 0, 0, 0, 0, 0, 0, 0, 0, 0, 0, 0, 0, 0, 0, 0, 0, 0, 0, 0, 0, 0, 0, 0, 0, 0, 0, 0, 0, 0, 0, 0, 0, 0, 0, 0, 0, 0, 0, 0, 0, 0, 0, 0, 0, 0, 0, 0], 'token_type_ids': [0, 0, 0, 0, 0, 0, 0, 0, 0, 0, 0, 0, 0, 0, 0, 0, 0, 0, 0, 0, 0, 0, 0, 0, 0, 0, 0, 0, 0, 0, 0, 0, 0, 0, 0, 0, 0, 0, 0, 1, 1, 1, 1, 1, 1, 1, 1, 1, 0, 0, 0, 0, 0, 0, 0, 0, 0, 0, 0, 0, 0, 0, 0, 0, 0, 0, 0, 0, 0, 0, 0, 0, 0, 0, 0, 0, 0, 0, 0, 0, 0, 0, 0, 0, 0, 0, 0, 0, 0, 0, 0, 0, 0, 0, 0, 0, 0, 0, 0, 0, 0, 0, 0, 0, 0, 0, 0, 0, 0, 0, 0, 0, 0, 0, 0, 0, 0, 0, 0, 0, 0, 0, 0, 0, 0, 0, 0, 0], 'attention_mask': [1, 1, 1, 1, 1, 1, 1, 1, 1, 1, 1, 1, 1, 1, 1, 1, 1, 1, 1, 1, 1, 1, 1, 1, 1, 1, 1, 1, 1, 1, 1, 1, 1, 1, 1, 1, 1, 1, 1, 1, 1, 1, 1, 1, 1, 1, 1, 1, 0, 0, 0, 0, 0, 0, 0, 0, 0, 0, 0, 0, 0, 0, 0, 0, 0, 0, 0, 0, 0, 0, 0, 0, 0, 0, 0, 0, 0, 0, 0, 0, 0, 0, 0, 0, 0, 0, 0, 0, 0, 0, 0, 0, 0, 0, 0, 0, 0, 0, 0, 0, 0, 0, 0, 0, 0, 0, 0, 0, 0, 0, 0, 0, 0, 0, 0, 0, 0, 0, 0, 0, 0, 0, 0, 0, 0, 0, 0, 0]}.
08/06/2025 09:16:52 - INFO - __main__ - Sample 25 of the training set: {'sentence1': "The trophy doesn't fit into the brown suitcase because it is too large.", 'sentence2': 'The suitcase is too large.', 'label': 0, 'idx': 25, 'input_ids': [101, 1109, 11073, 2144, 112, 189, 4218, 1154, 1103, 3058, 17655, 1272, 1122, 1110, 1315, 1415, 119, 102, 1109, 17655, 1110, 1315, 1415, 119, 102, 0, 0, 0, 0, 0, 0, 0, 0, 0, 0, 0, 0, 0, 0, 0, 0, 0, 0, 0, 0, 0, 0, 0, 0, 0, 0, 0, 0, 0, 0, 0, 0, 0, 0, 0, 0, 0, 0, 0, 0, 0, 0, 0, 0, 0, 0, 0, 0, 0, 0, 0, 0, 0, 0, 0, 0, 0, 0, 0, 0, 0, 0, 0, 0, 0, 0, 0, 0, 0, 0, 0, 0, 0, 0, 0, 0, 0, 0, 0, 0, 0, 0, 0, 0, 0, 0, 0, 0, 0, 0, 0, 0, 0, 0, 0, 0, 0, 0, 0, 0, 0, 0, 0], 'token_type_ids': [0, 0, 0, 0, 0, 0, 0, 0, 0, 0, 0, 0, 0, 0, 0, 0, 0, 0, 1, 1, 1, 1, 1, 1, 1, 0, 0, 0, 0, 0, 0, 0, 0, 0, 0, 0, 0, 0, 0, 0, 0, 0, 0, 0, 0, 0, 0, 0, 0, 0, 0, 0, 0, 0, 0, 0, 0, 0, 0, 0, 0, 0, 0, 0, 0, 0, 0, 0, 0, 0, 0, 0, 0, 0, 0, 0, 0, 0, 0, 0, 0, 0, 0, 0, 0, 0, 0, 0, 0, 0, 0, 0, 0, 0, 0, 0, 0, 0, 0, 0, 0, 0, 0, 0, 0, 0, 0, 0, 0, 0, 0, 0, 0, 0, 0, 0, 0, 0, 0, 0, 0, 0, 0, 0, 0, 0, 0, 0], 'attention_mask': [1, 1, 1, 1, 1, 1, 1, 1, 1, 1, 1, 1, 1, 1, 1, 1, 1, 1, 1, 1, 1, 1, 1, 1, 1, 0, 0, 0, 0, 0, 0, 0, 0, 0, 0, 0, 0, 0, 0, 0, 0, 0, 0, 0, 0, 0, 0, 0, 0, 0, 0, 0, 0, 0, 0, 0, 0, 0, 0, 0, 0, 0, 0, 0, 0, 0, 0, 0, 0, 0, 0, 0, 0, 0, 0, 0, 0, 0, 0, 0, 0, 0, 0, 0, 0, 0, 0, 0, 0, 0, 0, 0, 0, 0, 0, 0, 0, 0, 0, 0, 0, 0, 0, 0, 0, 0, 0, 0, 0, 0, 0, 0, 0, 0, 0, 0, 0, 0, 0, 0, 0, 0, 0, 0, 0, 0, 0, 0]}.
08/06/2025 09:16:52 - INFO - __main__ - Sample 281 of the training set: {'sentence1': "Paul tried to call George on the phone, but he wasn't successful.", 'sentence2': "George wasn't successful.", 'label': 0, 'idx': 281, 'input_ids': [101, 1795, 1793, 1106, 1840, 1667, 1113, 1103, 2179, 117, 1133, 1119, 1445, 112, 189, 2265, 119, 102, 1667, 1445, 112, 189, 2265, 119, 102, 0, 0, 0, 0, 0, 0, 0, 0, 0, 0, 0, 0, 0, 0, 0, 0, 0, 0, 0, 0, 0, 0, 0, 0, 0, 0, 0, 0, 0, 0, 0, 0, 0, 0, 0, 0, 0, 0, 0, 0, 0, 0, 0, 0, 0, 0, 0, 0, 0, 0, 0, 0, 0, 0, 0, 0, 0, 0, 0, 0, 0, 0, 0, 0, 0, 0, 0, 0, 0, 0, 0, 0, 0, 0, 0, 0, 0, 0, 0, 0, 0, 0, 0, 0, 0, 0, 0, 0, 0, 0, 0, 0, 0, 0, 0, 0, 0, 0, 0, 0, 0, 0, 0], 'token_type_ids': [0, 0, 0, 0, 0, 0, 0, 0, 0, 0, 0, 0, 0, 0, 0, 0, 0, 0, 1, 1, 1, 1, 1, 1, 1, 0, 0, 0, 0, 0, 0, 0, 0, 0, 0, 0, 0, 0, 0, 0, 0, 0, 0, 0, 0, 0, 0, 0, 0, 0, 0, 0, 0, 0, 0, 0, 0, 0, 0, 0, 0, 0, 0, 0, 0, 0, 0, 0, 0, 0, 0, 0, 0, 0, 0, 0, 0, 0, 0, 0, 0, 0, 0, 0, 0, 0, 0, 0, 0, 0, 0, 0, 0, 0, 0, 0, 0, 0, 0, 0, 0, 0, 0, 0, 0, 0, 0, 0, 0, 0, 0, 0, 0, 0, 0, 0, 0, 0, 0, 0, 0, 0, 0, 0, 0, 0, 0, 0], 'attention_mask': [1, 1, 1, 1, 1, 1, 1, 1, 1, 1, 1, 1, 1, 1, 1, 1, 1, 1, 1, 1, 1, 1, 1, 1, 1, 0, 0, 0, 0, 0, 0, 0, 0, 0, 0, 0, 0, 0, 0, 0, 0, 0, 0, 0, 0, 0, 0, 0, 0, 0, 0, 0, 0, 0, 0, 0, 0, 0, 0, 0, 0, 0, 0, 0, 0, 0, 0, 0, 0, 0, 0, 0, 0, 0, 0, 0, 0, 0, 0, 0, 0, 0, 0, 0, 0, 0, 0, 0, 0, 0, 0, 0, 0, 0, 0, 0, 0, 0, 0, 0, 0, 0, 0, 0, 0, 0, 0, 0, 0, 0, 0, 0, 0, 0, 0, 0, 0, 0, 0, 0, 0, 0, 0, 0, 0, 0, 0, 0]}.
08/06/2025 09:16:53 - WARNING - accelerate.utils.other - Detected kernel version 4.18.0, which is below the recommended minimum of 5.5.0; this can cause the process to hang. It is recommended to upgrade the kernel to the minimum version or higher.
{'loss': 0.717, 'grad_norm': 0.49035322666168213, 'learning_rate': 1.88125e-05, 'epoch': 6.25}
{'train_runtime': 125.4683, 'train_samples_per_second': 50.61, 'train_steps_per_second': 6.376, 'train_loss': 0.7118180084228516, 'epoch': 10.0}
***** train metrics *****
  epoch                    =       10.0
  total_flos               =  1380515GF
  train_loss               =     0.7118
  train_runtime            = 0:02:05.46
  train_samples            =        635
  train_samples_per_second =      50.61
  train_steps_per_second   =      6.376
08/06/2025 09:19:03 - INFO - __main__ - *** Evaluate ***
***** eval metrics *****
  epoch                   =       10.0
  eval_accuracy           =     0.4085
  eval_loss               =     0.7403
  eval_runtime            = 0:00:00.63
  eval_samples            =         71
  eval_samples_per_second =    112.403
  eval_steps_per_second   =     14.248
08/06/2025 09:19:11 - WARNING - __main__ - Process rank: 0, device: cuda:0, n_gpu: 1, distributed training: False, 16-bits training: False
08/06/2025 09:19:11 - INFO - __main__ - Training/evaluation parameters TrainingArguments(
_n_gpu=1,
accelerator_config={'split_batches': False, 'dispatch_batches': None, 'even_batches': True, 'use_seedable_sampler': True, 'non_blocking': False, 'gradient_accumulation_kwargs': None, 'use_configured_state': False},
adafactor=False,
adam_beta1=0.9,
adam_beta2=0.999,
adam_epsilon=1e-08,
auto_find_batch_size=False,
average_tokens_across_devices=False,
batch_eval_metrics=False,
bf16=False,
bf16_full_eval=False,
data_seed=None,
dataloader_drop_last=False,
dataloader_num_workers=0,
dataloader_persistent_workers=False,
dataloader_pin_memory=True,
dataloader_prefetch_factor=None,
ddp_backend=None,
ddp_broadcast_buffers=None,
ddp_bucket_cap_mb=None,
ddp_find_unused_parameters=None,
ddp_timeout=1800,
debug=[],
deepspeed=None,
disable_tqdm=False,
do_eval=True,
do_predict=False,
do_train=True,
eval_accumulation_steps=None,
eval_delay=0,
eval_do_concat_batches=True,
eval_on_start=False,
eval_steps=None,
eval_strategy=no,
eval_use_gather_object=False,
fp16=False,
fp16_backend=auto,
fp16_full_eval=False,
fp16_opt_level=O1,
fsdp=[],
fsdp_config={'min_num_params': 0, 'xla': False, 'xla_fsdp_v2': False, 'xla_fsdp_grad_ckpt': False},
fsdp_min_num_params=0,
fsdp_transformer_layer_cls_to_wrap=None,
full_determinism=False,
gradient_accumulation_steps=1,
gradient_checkpointing=False,
gradient_checkpointing_kwargs=None,
greater_is_better=None,
group_by_length=False,
half_precision_backend=auto,
hub_always_push=False,
hub_model_id=None,
hub_private_repo=None,
hub_revision=None,
hub_strategy=every_save,
hub_token=<HUB_TOKEN>,
ignore_data_skip=False,
include_for_metrics=[],
include_inputs_for_metrics=False,
include_num_input_tokens_seen=False,
include_tokens_per_second=False,
jit_mode_eval=False,
label_names=None,
label_smoothing_factor=0.0,
learning_rate=5e-05,
length_column_name=length,
liger_kernel_config=None,
load_best_model_at_end=False,
local_rank=0,
log_level=passive,
log_level_replica=warning,
log_on_each_node=True,
logging_dir=output_final/BERT_large/WNLI/InA90/runs/Aug06_09-19-11_n21,
logging_first_step=False,
logging_nan_inf_filter=True,
logging_steps=500,
logging_strategy=steps,
lr_scheduler_kwargs={},
lr_scheduler_type=linear,
max_grad_norm=1.0,
max_steps=-1,
metric_for_best_model=None,
mp_parameters=,
neftune_noise_alpha=None,
no_cuda=False,
num_train_epochs=10.0,
optim=adamw_torch,
optim_args=None,
optim_target_modules=None,
output_dir=output_final/BERT_large/WNLI/InA90/,
overwrite_output_dir=True,
past_index=-1,
per_device_eval_batch_size=8,
per_device_train_batch_size=8,
prediction_loss_only=False,
push_to_hub=False,
push_to_hub_model_id=None,
push_to_hub_organization=None,
push_to_hub_token=<PUSH_TO_HUB_TOKEN>,
ray_scope=last,
remove_unused_columns=True,
report_to=[],
restore_callback_states_from_checkpoint=False,
resume_from_checkpoint=None,
run_name=output_final/BERT_large/WNLI/InA90/,
save_on_each_node=False,
save_only_model=False,
save_safetensors=True,
save_steps=500,
save_strategy=steps,
save_total_limit=None,
seed=42,
skip_memory_metrics=True,
tf32=None,
torch_compile=False,
torch_compile_backend=None,
torch_compile_mode=None,
torch_empty_cache_steps=None,
torchdynamo=None,
tpu_metrics_debug=False,
tpu_num_cores=None,
use_cpu=False,
use_ipex=False,
use_legacy_prediction_loop=False,
use_liger_kernel=False,
use_mps_device=False,
warmup_ratio=0.0,
warmup_steps=0,
weight_decay=0.0,
)
08/06/2025 09:19:13 - INFO - datasets.builder - Found cached dataset glue (/home/kangchen/.cache/huggingface/datasets/nyu-mll___glue/wnli/0.0.0/bcdcba79d07bc864c1c254ccfcedcce55bcc9a8c)
The task type of PEFT is not proper!
LoraConfig(peft_type=<PeftType.LORA: 'LORA'>, auto_mapping=None, base_model_name_or_path='bert-large-cased', revision=None, task_type=<TaskType.CAUSAL_LM: 'CAUSAL_LM'>, inference_mode=False, r=4, target_modules={'query', 'value', 'key'}, lora_inhibition=0.9, lora_alpha=16, lora_dropout=0.1, fan_in_fan_out=False, bias='none', use_rslora=False, modules_to_save=None, init_lora_weights=True, layers_to_transform=None, layers_pattern=None, rank_pattern={}, alpha_pattern={}, megatron_config=None, megatron_core='megatron.core', loftq_config={}, use_dora=False, layer_replication=None)
###############
PeftModelForCausalLM(
  (base_model): LoraModel(
    (model): BertForSequenceClassification(
      (bert): BertModel(
        (embeddings): BertEmbeddings(
          (word_embeddings): Embedding(28996, 1024, padding_idx=0)
          (position_embeddings): Embedding(512, 1024)
          (token_type_embeddings): Embedding(2, 1024)
          (LayerNorm): LayerNorm((1024,), eps=1e-12, elementwise_affine=True)
          (dropout): Dropout(p=0.1, inplace=False)
        )
        (encoder): BertEncoder(
          (layer): ModuleList(
            (0-23): 24 x BertLayer(
              (attention): BertAttention(
                (self): BertSdpaSelfAttention(
                  (query): lora.Linear(
                    (base_layer): Linear(in_features=1024, out_features=1024, bias=True)
                    (lora_dropout): ModuleDict(
                      (default): Dropout(p=0.1, inplace=False)
                    )
                    (lora_A): ModuleDict(
                      (default): Linear(in_features=1024, out_features=4, bias=False)
                    )
                    (lora_B): ModuleDict(
                      (default): Linear(in_features=4, out_features=1024, bias=False)
                    )
                    (lora_embedding_A): ParameterDict()
                    (lora_embedding_B): ParameterDict()
                  )
                  (key): lora.Linear(
                    (base_layer): Linear(in_features=1024, out_features=1024, bias=True)
                    (lora_dropout): ModuleDict(
                      (default): Dropout(p=0.1, inplace=False)
                    )
                    (lora_A): ModuleDict(
                      (default): Linear(in_features=1024, out_features=4, bias=False)
                    )
                    (lora_B): ModuleDict(
                      (default): Linear(in_features=4, out_features=1024, bias=False)
                    )
                    (lora_embedding_A): ParameterDict()
                    (lora_embedding_B): ParameterDict()
                  )
                  (value): lora.Linear(
                    (base_layer): Linear(in_features=1024, out_features=1024, bias=True)
                    (lora_dropout): ModuleDict(
                      (default): Dropout(p=0.1, inplace=False)
                    )
                    (lora_A): ModuleDict(
                      (default): Linear(in_features=1024, out_features=4, bias=False)
                    )
                    (lora_B): ModuleDict(
                      (default): Linear(in_features=4, out_features=1024, bias=False)
                    )
                    (lora_embedding_A): ParameterDict()
                    (lora_embedding_B): ParameterDict()
                  )
                  (dropout): Dropout(p=0.1, inplace=False)
                )
                (output): BertSelfOutput(
                  (dense): Linear(in_features=1024, out_features=1024, bias=True)
                  (LayerNorm): LayerNorm((1024,), eps=1e-12, elementwise_affine=True)
                  (dropout): Dropout(p=0.1, inplace=False)
                )
              )
              (intermediate): BertIntermediate(
                (dense): Linear(in_features=1024, out_features=4096, bias=True)
                (intermediate_act_fn): GELUActivation()
              )
              (output): BertOutput(
                (dense): Linear(in_features=4096, out_features=1024, bias=True)
                (LayerNorm): LayerNorm((1024,), eps=1e-12, elementwise_affine=True)
                (dropout): Dropout(p=0.1, inplace=False)
              )
            )
          )
        )
        (pooler): BertPooler(
          (dense): Linear(in_features=1024, out_features=1024, bias=True)
          (activation): Tanh()
        )
      )
      (dropout): Dropout(p=0.1, inplace=False)
      (classifier): Linear(in_features=1024, out_features=2, bias=True)
    )
  )
)
08/06/2025 09:19:15 - INFO - datasets.arrow_dataset - Loading cached processed dataset at /home/kangchen/.cache/huggingface/datasets/nyu-mll___glue/wnli/0.0.0/bcdcba79d07bc864c1c254ccfcedcce55bcc9a8c/cache-9aeff6e55327ea9f_*_of_00001.arrow
08/06/2025 09:19:15 - INFO - datasets.arrow_dataset - Loading cached processed dataset at /home/kangchen/.cache/huggingface/datasets/nyu-mll___glue/wnli/0.0.0/bcdcba79d07bc864c1c254ccfcedcce55bcc9a8c/cache-8139b013c9874397_*_of_00001.arrow
08/06/2025 09:19:15 - INFO - datasets.arrow_dataset - Loading cached processed dataset at /home/kangchen/.cache/huggingface/datasets/nyu-mll___glue/wnli/0.0.0/bcdcba79d07bc864c1c254ccfcedcce55bcc9a8c/cache-b0c09f6b0191d004_*_of_00001.arrow
08/06/2025 09:19:15 - INFO - __main__ - Class distribution in train set:
08/06/2025 09:19:15 - INFO - __main__ -   Label 1: 312 (49.13%)
08/06/2025 09:19:15 - INFO - __main__ -   Label 0: 323 (50.87%)
08/06/2025 09:19:15 - INFO - __main__ - Class distribution in validation set:
08/06/2025 09:19:15 - INFO - __main__ -   Label 0: 40 (56.34%)
08/06/2025 09:19:15 - INFO - __main__ -   Label 1: 31 (43.66%)
08/06/2025 09:19:15 - INFO - __main__ - Class distribution in test set:
08/06/2025 09:19:15 - INFO - __main__ -   Label -1: 146 (100.00%)
08/06/2025 09:19:15 - INFO - __main__ - Sample 114 of the training set: {'sentence1': "In July, Kamtchatka declared war on Yakutsk. Since Yakutsk's army was much better equipped and ten times larger, they were defeated within weeks.", 'sentence2': 'Yakutsk was defeated within weeks.', 'label': 0, 'idx': 114, 'input_ids': [101, 1130, 1351, 117, 14812, 1306, 6943, 2980, 1968, 3332, 1594, 1113, 14680, 4786, 23450, 119, 1967, 14680, 4786, 23450, 112, 188, 2306, 1108, 1277, 1618, 5440, 1105, 1995, 1551, 2610, 117, 1152, 1127, 2378, 1439, 2277, 119, 102, 14680, 4786, 23450, 1108, 2378, 1439, 2277, 119, 102, 0, 0, 0, 0, 0, 0, 0, 0, 0, 0, 0, 0, 0, 0, 0, 0, 0, 0, 0, 0, 0, 0, 0, 0, 0, 0, 0, 0, 0, 0, 0, 0, 0, 0, 0, 0, 0, 0, 0, 0, 0, 0, 0, 0, 0, 0, 0, 0, 0, 0, 0, 0, 0, 0, 0, 0, 0, 0, 0, 0, 0, 0, 0, 0, 0, 0, 0, 0, 0, 0, 0, 0, 0, 0, 0, 0, 0, 0, 0, 0], 'token_type_ids': [0, 0, 0, 0, 0, 0, 0, 0, 0, 0, 0, 0, 0, 0, 0, 0, 0, 0, 0, 0, 0, 0, 0, 0, 0, 0, 0, 0, 0, 0, 0, 0, 0, 0, 0, 0, 0, 0, 0, 1, 1, 1, 1, 1, 1, 1, 1, 1, 0, 0, 0, 0, 0, 0, 0, 0, 0, 0, 0, 0, 0, 0, 0, 0, 0, 0, 0, 0, 0, 0, 0, 0, 0, 0, 0, 0, 0, 0, 0, 0, 0, 0, 0, 0, 0, 0, 0, 0, 0, 0, 0, 0, 0, 0, 0, 0, 0, 0, 0, 0, 0, 0, 0, 0, 0, 0, 0, 0, 0, 0, 0, 0, 0, 0, 0, 0, 0, 0, 0, 0, 0, 0, 0, 0, 0, 0, 0, 0], 'attention_mask': [1, 1, 1, 1, 1, 1, 1, 1, 1, 1, 1, 1, 1, 1, 1, 1, 1, 1, 1, 1, 1, 1, 1, 1, 1, 1, 1, 1, 1, 1, 1, 1, 1, 1, 1, 1, 1, 1, 1, 1, 1, 1, 1, 1, 1, 1, 1, 1, 0, 0, 0, 0, 0, 0, 0, 0, 0, 0, 0, 0, 0, 0, 0, 0, 0, 0, 0, 0, 0, 0, 0, 0, 0, 0, 0, 0, 0, 0, 0, 0, 0, 0, 0, 0, 0, 0, 0, 0, 0, 0, 0, 0, 0, 0, 0, 0, 0, 0, 0, 0, 0, 0, 0, 0, 0, 0, 0, 0, 0, 0, 0, 0, 0, 0, 0, 0, 0, 0, 0, 0, 0, 0, 0, 0, 0, 0, 0, 0]}.
08/06/2025 09:19:15 - INFO - __main__ - Sample 25 of the training set: {'sentence1': "The trophy doesn't fit into the brown suitcase because it is too large.", 'sentence2': 'The suitcase is too large.', 'label': 0, 'idx': 25, 'input_ids': [101, 1109, 11073, 2144, 112, 189, 4218, 1154, 1103, 3058, 17655, 1272, 1122, 1110, 1315, 1415, 119, 102, 1109, 17655, 1110, 1315, 1415, 119, 102, 0, 0, 0, 0, 0, 0, 0, 0, 0, 0, 0, 0, 0, 0, 0, 0, 0, 0, 0, 0, 0, 0, 0, 0, 0, 0, 0, 0, 0, 0, 0, 0, 0, 0, 0, 0, 0, 0, 0, 0, 0, 0, 0, 0, 0, 0, 0, 0, 0, 0, 0, 0, 0, 0, 0, 0, 0, 0, 0, 0, 0, 0, 0, 0, 0, 0, 0, 0, 0, 0, 0, 0, 0, 0, 0, 0, 0, 0, 0, 0, 0, 0, 0, 0, 0, 0, 0, 0, 0, 0, 0, 0, 0, 0, 0, 0, 0, 0, 0, 0, 0, 0, 0], 'token_type_ids': [0, 0, 0, 0, 0, 0, 0, 0, 0, 0, 0, 0, 0, 0, 0, 0, 0, 0, 1, 1, 1, 1, 1, 1, 1, 0, 0, 0, 0, 0, 0, 0, 0, 0, 0, 0, 0, 0, 0, 0, 0, 0, 0, 0, 0, 0, 0, 0, 0, 0, 0, 0, 0, 0, 0, 0, 0, 0, 0, 0, 0, 0, 0, 0, 0, 0, 0, 0, 0, 0, 0, 0, 0, 0, 0, 0, 0, 0, 0, 0, 0, 0, 0, 0, 0, 0, 0, 0, 0, 0, 0, 0, 0, 0, 0, 0, 0, 0, 0, 0, 0, 0, 0, 0, 0, 0, 0, 0, 0, 0, 0, 0, 0, 0, 0, 0, 0, 0, 0, 0, 0, 0, 0, 0, 0, 0, 0, 0], 'attention_mask': [1, 1, 1, 1, 1, 1, 1, 1, 1, 1, 1, 1, 1, 1, 1, 1, 1, 1, 1, 1, 1, 1, 1, 1, 1, 0, 0, 0, 0, 0, 0, 0, 0, 0, 0, 0, 0, 0, 0, 0, 0, 0, 0, 0, 0, 0, 0, 0, 0, 0, 0, 0, 0, 0, 0, 0, 0, 0, 0, 0, 0, 0, 0, 0, 0, 0, 0, 0, 0, 0, 0, 0, 0, 0, 0, 0, 0, 0, 0, 0, 0, 0, 0, 0, 0, 0, 0, 0, 0, 0, 0, 0, 0, 0, 0, 0, 0, 0, 0, 0, 0, 0, 0, 0, 0, 0, 0, 0, 0, 0, 0, 0, 0, 0, 0, 0, 0, 0, 0, 0, 0, 0, 0, 0, 0, 0, 0, 0]}.
08/06/2025 09:19:15 - INFO - __main__ - Sample 281 of the training set: {'sentence1': "Paul tried to call George on the phone, but he wasn't successful.", 'sentence2': "George wasn't successful.", 'label': 0, 'idx': 281, 'input_ids': [101, 1795, 1793, 1106, 1840, 1667, 1113, 1103, 2179, 117, 1133, 1119, 1445, 112, 189, 2265, 119, 102, 1667, 1445, 112, 189, 2265, 119, 102, 0, 0, 0, 0, 0, 0, 0, 0, 0, 0, 0, 0, 0, 0, 0, 0, 0, 0, 0, 0, 0, 0, 0, 0, 0, 0, 0, 0, 0, 0, 0, 0, 0, 0, 0, 0, 0, 0, 0, 0, 0, 0, 0, 0, 0, 0, 0, 0, 0, 0, 0, 0, 0, 0, 0, 0, 0, 0, 0, 0, 0, 0, 0, 0, 0, 0, 0, 0, 0, 0, 0, 0, 0, 0, 0, 0, 0, 0, 0, 0, 0, 0, 0, 0, 0, 0, 0, 0, 0, 0, 0, 0, 0, 0, 0, 0, 0, 0, 0, 0, 0, 0, 0], 'token_type_ids': [0, 0, 0, 0, 0, 0, 0, 0, 0, 0, 0, 0, 0, 0, 0, 0, 0, 0, 1, 1, 1, 1, 1, 1, 1, 0, 0, 0, 0, 0, 0, 0, 0, 0, 0, 0, 0, 0, 0, 0, 0, 0, 0, 0, 0, 0, 0, 0, 0, 0, 0, 0, 0, 0, 0, 0, 0, 0, 0, 0, 0, 0, 0, 0, 0, 0, 0, 0, 0, 0, 0, 0, 0, 0, 0, 0, 0, 0, 0, 0, 0, 0, 0, 0, 0, 0, 0, 0, 0, 0, 0, 0, 0, 0, 0, 0, 0, 0, 0, 0, 0, 0, 0, 0, 0, 0, 0, 0, 0, 0, 0, 0, 0, 0, 0, 0, 0, 0, 0, 0, 0, 0, 0, 0, 0, 0, 0, 0], 'attention_mask': [1, 1, 1, 1, 1, 1, 1, 1, 1, 1, 1, 1, 1, 1, 1, 1, 1, 1, 1, 1, 1, 1, 1, 1, 1, 0, 0, 0, 0, 0, 0, 0, 0, 0, 0, 0, 0, 0, 0, 0, 0, 0, 0, 0, 0, 0, 0, 0, 0, 0, 0, 0, 0, 0, 0, 0, 0, 0, 0, 0, 0, 0, 0, 0, 0, 0, 0, 0, 0, 0, 0, 0, 0, 0, 0, 0, 0, 0, 0, 0, 0, 0, 0, 0, 0, 0, 0, 0, 0, 0, 0, 0, 0, 0, 0, 0, 0, 0, 0, 0, 0, 0, 0, 0, 0, 0, 0, 0, 0, 0, 0, 0, 0, 0, 0, 0, 0, 0, 0, 0, 0, 0, 0, 0, 0, 0, 0, 0]}.
08/06/2025 09:19:15 - WARNING - accelerate.utils.other - Detected kernel version 4.18.0, which is below the recommended minimum of 5.5.0; this can cause the process to hang. It is recommended to upgrade the kernel to the minimum version or higher.
{'loss': 0.7275, 'grad_norm': 0.05674668774008751, 'learning_rate': 1.88125e-05, 'epoch': 6.25}
{'train_runtime': 125.9503, 'train_samples_per_second': 50.417, 'train_steps_per_second': 6.352, 'train_loss': 0.7265742492675781, 'epoch': 10.0}
***** train metrics *****
  epoch                    =       10.0
  total_flos               =  1380515GF
  train_loss               =     0.7266
  train_runtime            = 0:02:05.95
  train_samples            =        635
  train_samples_per_second =     50.417
  train_steps_per_second   =      6.352
08/06/2025 09:21:22 - INFO - __main__ - *** Evaluate ***
***** eval metrics *****
  epoch                   =       10.0
  eval_accuracy           =     0.4225
  eval_loss               =     0.7536
  eval_runtime            = 0:00:00.63
  eval_samples            =         71
  eval_samples_per_second =    112.459
  eval_steps_per_second   =     14.255
